{"C:\\Users\\Pavilion\\lab3\\backend-devops\\src\\app\\calculadora.ts": {"path":"C:\\Users\\Pavilion\\lab3\\backend-devops\\src\\app\\calculadora.ts","statementMap":{"0":{"start":{"line":93,"column":9},"end":{"line":93,"column":13}},"1":{"start":{"line":93,"column":15},"end":{"line":93,"column":21}},"2":{"start":{"line":93,"column":23},"end":{"line":93,"column":29}},"3":{"start":{"line":93,"column":31},"end":{"line":93,"column":42}},"4":{"start":{"line":93,"column":44},"end":{"line":93,"column":51}},"5":{"start":{"line":93,"column":53},"end":{"line":93,"column":61}},"6":{"start":{"line":93,"column":63},"end":{"line":93,"column":72}},"7":{"start":{"line":4,"column":4},"end":{"line":19,"column":5}},"8":{"start":{"line":6,"column":12},"end":{"line":6,"column":30}},"9":{"start":{"line":8,"column":12},"end":{"line":8,"column":32}},"10":{"start":{"line":10,"column":12},"end":{"line":10,"column":37}},"11":{"start":{"line":12,"column":12},"end":{"line":12,"column":33}},"12":{"start":{"line":14,"column":12},"end":{"line":14,"column":34}},"13":{"start":{"line":16,"column":12},"end":{"line":16,"column":32}},"14":{"start":{"line":18,"column":12},"end":{"line":18,"column":50}},"15":{"start":{"line":23,"column":4},"end":{"line":25,"column":5}},"16":{"start":{"line":24,"column":8},"end":{"line":24,"column":57}},"17":{"start":{"line":27,"column":4},"end":{"line":29,"column":5}},"18":{"start":{"line":28,"column":8},"end":{"line":28,"column":19}},"19":{"start":{"line":31,"column":4},"end":{"line":31,"column":17}},"20":{"start":{"line":35,"column":4},"end":{"line":37,"column":5}},"21":{"start":{"line":36,"column":8},"end":{"line":36,"column":58}},"22":{"start":{"line":39,"column":4},"end":{"line":41,"column":5}},"23":{"start":{"line":40,"column":8},"end":{"line":40,"column":19}},"24":{"start":{"line":43,"column":4},"end":{"line":43,"column":17}},"25":{"start":{"line":47,"column":4},"end":{"line":49,"column":5}},"26":{"start":{"line":48,"column":8},"end":{"line":48,"column":63}},"27":{"start":{"line":50,"column":4},"end":{"line":52,"column":5}},"28":{"start":{"line":51,"column":8},"end":{"line":51,"column":19}},"29":{"start":{"line":53,"column":4},"end":{"line":53,"column":17}},"30":{"start":{"line":57,"column":4},"end":{"line":59,"column":5}},"31":{"start":{"line":58,"column":8},"end":{"line":58,"column":70}},"32":{"start":{"line":60,"column":4},"end":{"line":62,"column":5}},"33":{"start":{"line":61,"column":8},"end":{"line":61,"column":19}},"34":{"start":{"line":63,"column":4},"end":{"line":65,"column":5}},"35":{"start":{"line":64,"column":8},"end":{"line":64,"column":70}},"36":{"start":{"line":66,"column":4},"end":{"line":66,"column":17}},"37":{"start":{"line":70,"column":4},"end":{"line":72,"column":5}},"38":{"start":{"line":71,"column":8},"end":{"line":71,"column":61}},"39":{"start":{"line":73,"column":4},"end":{"line":75,"column":5}},"40":{"start":{"line":74,"column":8},"end":{"line":74,"column":19}},"41":{"start":{"line":76,"column":4},"end":{"line":76,"column":26}},"42":{"start":{"line":80,"column":4},"end":{"line":82,"column":5}},"43":{"start":{"line":81,"column":8},"end":{"line":81,"column":84}},"44":{"start":{"line":83,"column":4},"end":{"line":85,"column":5}},"45":{"start":{"line":84,"column":8},"end":{"line":84,"column":19}},"46":{"start":{"line":86,"column":4},"end":{"line":88,"column":5}},"47":{"start":{"line":87,"column":8},"end":{"line":87,"column":97}},"48":{"start":{"line":90,"column":4},"end":{"line":90,"column":46}}},"fnMap":{"0":{"name":"operar","decl":{"start":{"line":3,"column":9},"end":{"line":3,"column":15}},"loc":{"start":{"line":3,"column":60},"end":{"line":20,"column":1}}},"1":{"name":"suma","decl":{"start":{"line":22,"column":9},"end":{"line":22,"column":13}},"loc":{"start":{"line":22,"column":34},"end":{"line":32,"column":1}}},"2":{"name":"restar","decl":{"start":{"line":34,"column":9},"end":{"line":34,"column":15}},"loc":{"start":{"line":34,"column":36},"end":{"line":44,"column":1}}},"3":{"name":"multiplicar","decl":{"start":{"line":46,"column":9},"end":{"line":46,"column":20}},"loc":{"start":{"line":46,"column":41},"end":{"line":54,"column":1}}},"4":{"name":"dividir","decl":{"start":{"line":56,"column":9},"end":{"line":56,"column":16}},"loc":{"start":{"line":56,"column":37},"end":{"line":67,"column":1}}},"5":{"name":"potencia","decl":{"start":{"line":69,"column":9},"end":{"line":69,"column":17}},"loc":{"start":{"line":69,"column":38},"end":{"line":77,"column":1}}},"6":{"name":"factorial","decl":{"start":{"line":79,"column":9},"end":{"line":79,"column":18}},"loc":{"start":{"line":79,"column":28},"end":{"line":91,"column":1}}}},"branchMap":{"0":{"loc":{"start":{"line":3,"column":16},"end":{"line":3,"column":38}},"type":"default-arg","locations":[{"start":{"line":3,"column":36},"end":{"line":3,"column":38}}]},"1":{"loc":{"start":{"line":4,"column":4},"end":{"line":19,"column":5}},"type":"switch","locations":[{"start":{"line":5,"column":8},"end":{"line":6,"column":30}},{"start":{"line":7,"column":8},"end":{"line":8,"column":32}},{"start":{"line":9,"column":8},"end":{"line":10,"column":37}},{"start":{"line":11,"column":8},"end":{"line":12,"column":33}},{"start":{"line":13,"column":8},"end":{"line":14,"column":34}},{"start":{"line":15,"column":8},"end":{"line":16,"column":32}},{"start":{"line":17,"column":8},"end":{"line":18,"column":50}}]},"2":{"loc":{"start":{"line":23,"column":4},"end":{"line":25,"column":5}},"type":"if","locations":[{"start":{"line":23,"column":4},"end":{"line":25,"column":5}}]},"3":{"loc":{"start":{"line":23,"column":8},"end":{"line":23,"column":69}},"type":"binary-expr","locations":[{"start":{"line":23,"column":8},"end":{"line":23,"column":23}},{"start":{"line":23,"column":27},"end":{"line":23,"column":42}},{"start":{"line":23,"column":46},"end":{"line":23,"column":56}},{"start":{"line":23,"column":59},"end":{"line":23,"column":69}}]},"4":{"loc":{"start":{"line":27,"column":4},"end":{"line":29,"column":5}},"type":"if","locations":[{"start":{"line":27,"column":4},"end":{"line":29,"column":5}}]},"5":{"loc":{"start":{"line":27,"column":8},"end":{"line":27,"column":54}},"type":"binary-expr","locations":[{"start":{"line":27,"column":8},"end":{"line":27,"column":29}},{"start":{"line":27,"column":33},"end":{"line":27,"column":54}}]},"6":{"loc":{"start":{"line":35,"column":4},"end":{"line":37,"column":5}},"type":"if","locations":[{"start":{"line":35,"column":4},"end":{"line":37,"column":5}}]},"7":{"loc":{"start":{"line":35,"column":8},"end":{"line":35,"column":69}},"type":"binary-expr","locations":[{"start":{"line":35,"column":8},"end":{"line":35,"column":23}},{"start":{"line":35,"column":27},"end":{"line":35,"column":42}},{"start":{"line":35,"column":46},"end":{"line":35,"column":56}},{"start":{"line":35,"column":59},"end":{"line":35,"column":69}}]},"8":{"loc":{"start":{"line":39,"column":4},"end":{"line":41,"column":5}},"type":"if","locations":[{"start":{"line":39,"column":4},"end":{"line":41,"column":5}}]},"9":{"loc":{"start":{"line":39,"column":8},"end":{"line":39,"column":54}},"type":"binary-expr","locations":[{"start":{"line":39,"column":8},"end":{"line":39,"column":29}},{"start":{"line":39,"column":33},"end":{"line":39,"column":54}}]},"10":{"loc":{"start":{"line":47,"column":4},"end":{"line":49,"column":5}},"type":"if","locations":[{"start":{"line":47,"column":4},"end":{"line":49,"column":5}}]},"11":{"loc":{"start":{"line":47,"column":8},"end":{"line":47,"column":69}},"type":"binary-expr","locations":[{"start":{"line":47,"column":8},"end":{"line":47,"column":23}},{"start":{"line":47,"column":27},"end":{"line":47,"column":42}},{"start":{"line":47,"column":46},"end":{"line":47,"column":56}},{"start":{"line":47,"column":59},"end":{"line":47,"column":69}}]},"12":{"loc":{"start":{"line":50,"column":4},"end":{"line":52,"column":5}},"type":"if","locations":[{"start":{"line":50,"column":4},"end":{"line":52,"column":5}}]},"13":{"loc":{"start":{"line":50,"column":8},"end":{"line":50,"column":54}},"type":"binary-expr","locations":[{"start":{"line":50,"column":8},"end":{"line":50,"column":29}},{"start":{"line":50,"column":33},"end":{"line":50,"column":54}}]},"14":{"loc":{"start":{"line":57,"column":4},"end":{"line":59,"column":5}},"type":"if","locations":[{"start":{"line":57,"column":4},"end":{"line":59,"column":5}}]},"15":{"loc":{"start":{"line":57,"column":8},"end":{"line":57,"column":69}},"type":"binary-expr","locations":[{"start":{"line":57,"column":8},"end":{"line":57,"column":23}},{"start":{"line":57,"column":27},"end":{"line":57,"column":42}},{"start":{"line":57,"column":46},"end":{"line":57,"column":56}},{"start":{"line":57,"column":59},"end":{"line":57,"column":69}}]},"16":{"loc":{"start":{"line":60,"column":4},"end":{"line":62,"column":5}},"type":"if","locations":[{"start":{"line":60,"column":4},"end":{"line":62,"column":5}}]},"17":{"loc":{"start":{"line":60,"column":8},"end":{"line":60,"column":54}},"type":"binary-expr","locations":[{"start":{"line":60,"column":8},"end":{"line":60,"column":29}},{"start":{"line":60,"column":33},"end":{"line":60,"column":54}}]},"18":{"loc":{"start":{"line":63,"column":4},"end":{"line":65,"column":5}},"type":"if","locations":[{"start":{"line":63,"column":4},"end":{"line":65,"column":5}}]},"19":{"loc":{"start":{"line":70,"column":4},"end":{"line":72,"column":5}},"type":"if","locations":[{"start":{"line":70,"column":4},"end":{"line":72,"column":5}}]},"20":{"loc":{"start":{"line":70,"column":8},"end":{"line":70,"column":69}},"type":"binary-expr","locations":[{"start":{"line":70,"column":8},"end":{"line":70,"column":23}},{"start":{"line":70,"column":27},"end":{"line":70,"column":42}},{"start":{"line":70,"column":46},"end":{"line":70,"column":56}},{"start":{"line":70,"column":59},"end":{"line":70,"column":69}}]},"21":{"loc":{"start":{"line":73,"column":4},"end":{"line":75,"column":5}},"type":"if","locations":[{"start":{"line":73,"column":4},"end":{"line":75,"column":5}}]},"22":{"loc":{"start":{"line":73,"column":8},"end":{"line":73,"column":54}},"type":"binary-expr","locations":[{"start":{"line":73,"column":8},"end":{"line":73,"column":29}},{"start":{"line":73,"column":33},"end":{"line":73,"column":54}}]},"23":{"loc":{"start":{"line":80,"column":4},"end":{"line":82,"column":5}},"type":"if","locations":[{"start":{"line":80,"column":4},"end":{"line":82,"column":5}}]},"24":{"loc":{"start":{"line":80,"column":8},"end":{"line":80,"column":37}},"type":"binary-expr","locations":[{"start":{"line":80,"column":8},"end":{"line":80,"column":23}},{"start":{"line":80,"column":27},"end":{"line":80,"column":37}}]},"25":{"loc":{"start":{"line":83,"column":4},"end":{"line":85,"column":5}},"type":"if","locations":[{"start":{"line":83,"column":4},"end":{"line":85,"column":5}}]},"26":{"loc":{"start":{"line":83,"column":8},"end":{"line":83,"column":41}},"type":"binary-expr","locations":[{"start":{"line":83,"column":8},"end":{"line":83,"column":29}},{"start":{"line":83,"column":33},"end":{"line":83,"column":41}}]},"27":{"loc":{"start":{"line":86,"column":4},"end":{"line":88,"column":5}},"type":"if","locations":[{"start":{"line":86,"column":4},"end":{"line":88,"column":5}}]},"28":{"loc":{"start":{"line":86,"column":8},"end":{"line":86,"column":37}},"type":"binary-expr","locations":[{"start":{"line":86,"column":8},"end":{"line":86,"column":28}},{"start":{"line":86,"column":32},"end":{"line":86,"column":37}}]},"29":{"loc":{"start":{"line":90,"column":11},"end":{"line":90,"column":45}},"type":"cond-expr","locations":[{"start":{"line":90,"column":21},"end":{"line":90,"column":22}},{"start":{"line":90,"column":25},"end":{"line":90,"column":45}}]}},"s":{"0":1,"1":1,"2":1,"3":1,"4":1,"5":1,"6":1,"7":15,"8":6,"9":4,"10":1,"11":1,"12":1,"13":1,"14":1,"15":13,"16":3,"17":10,"18":2,"19":8,"20":9,"21":3,"22":6,"23":1,"24":5,"25":8,"26":3,"27":5,"28":1,"29":4,"30":8,"31":2,"32":6,"33":1,"34":5,"35":1,"36":4,"37":8,"38":3,"39":5,"40":1,"41":4,"42":39,"43":3,"44":36,"45":1,"46":35,"47":2,"48":33},"f":{"0":15,"1":13,"2":9,"3":8,"4":8,"5":8,"6":39},"b":{"0":[1],"1":[6,4,1,1,1,1,1],"2":[3],"3":[13,13,11,11],"4":[2],"5":[10,10],"6":[3],"7":[9,9,7,7],"8":[1],"9":[6,6],"10":[3],"11":[8,8,6,6],"12":[1],"13":[5,5],"14":[2],"15":[8,8,6,6],"16":[1],"17":[6,6],"18":[1],"19":[3],"20":[8,8,6,5],"21":[1],"22":[5,5],"23":[3],"24":[39,38],"25":[1],"26":[36,35],"27":[2],"28":[35,34],"29":[4,29]}}
}
