TN:
SF:src\app\calculadora.ts
FN:3,operar
FN:22,suma
FN:34,restar
FN:46,multiplicar
FN:56,dividir
FN:69,potencia
FN:79,factorial
FNF:7
FNH:7
FNDA:15,operar
FNDA:13,suma
FNDA:9,restar
FNDA:8,multiplicar
FNDA:8,dividir
FNDA:8,potencia
FNDA:39,factorial
DA:4,15
DA:6,6
DA:8,4
DA:10,1
DA:12,1
DA:14,1
DA:16,1
DA:18,1
DA:23,13
DA:24,3
DA:27,10
DA:28,2
DA:31,8
DA:35,9
DA:36,3
DA:39,6
DA:40,1
DA:43,5
DA:47,8
DA:48,3
DA:50,5
DA:51,1
DA:53,4
DA:57,8
DA:58,2
DA:60,6
DA:61,1
DA:63,5
DA:64,1
DA:66,4
DA:70,8
DA:71,3
DA:73,5
DA:74,1
DA:76,4
DA:80,39
DA:81,3
DA:83,36
DA:84,1
DA:86,35
DA:87,2
DA:90,33
DA:93,1
LF:43
LH:43
BRDA:3,0,0,1
BRDA:4,1,0,6
BRDA:4,1,1,4
BRDA:4,1,2,1
BRDA:4,1,3,1
BRDA:4,1,4,1
BRDA:4,1,5,1
BRDA:4,1,6,1
BRDA:23,2,0,3
BRDA:23,3,0,13
BRDA:23,3,1,13
BRDA:23,3,2,11
BRDA:23,3,3,11
BRDA:27,4,0,2
BRDA:27,5,0,10
BRDA:27,5,1,10
BRDA:35,6,0,3
BRDA:35,7,0,9
BRDA:35,7,1,9
BRDA:35,7,2,7
BRDA:35,7,3,7
BRDA:39,8,0,1
BRDA:39,9,0,6
BRDA:39,9,1,6
BRDA:47,10,0,3
BRDA:47,11,0,8
BRDA:47,11,1,8
BRDA:47,11,2,6
BRDA:47,11,3,6
BRDA:50,12,0,1
BRDA:50,13,0,5
BRDA:50,13,1,5
BRDA:57,14,0,2
BRDA:57,15,0,8
BRDA:57,15,1,8
BRDA:57,15,2,6
BRDA:57,15,3,6
BRDA:60,16,0,1
BRDA:60,17,0,6
BRDA:60,17,1,6
BRDA:63,18,0,1
BRDA:70,19,0,3
BRDA:70,20,0,8
BRDA:70,20,1,8
BRDA:70,20,2,6
BRDA:70,20,3,5
BRDA:73,21,0,1
BRDA:73,22,0,5
BRDA:73,22,1,5
BRDA:80,23,0,3
BRDA:80,24,0,39
BRDA:80,24,1,38
BRDA:83,25,0,1
BRDA:83,26,0,36
BRDA:83,26,1,35
BRDA:86,27,0,2
BRDA:86,28,0,35
BRDA:86,28,1,34
BRDA:90,29,0,4
BRDA:90,29,1,29
BRF:60
BRH:60
end_of_record
